[2024-04-27 08:32:01,319][__main__][INFO] - name: mcts_phase1
project: MCTS_Connect4
entity: filipinogambino
group: initial_testing
weights_only: false
model_arch: conv_model
unexplored_action: 1.0e-05
enable_wandb: false
log_freq: 10
worker_type: self_play
seed: 42
learner_device: cpu
actor_device: cpu
batch_size: 1024
noise_eps: 0.25
c_puct: 1.5
dirichlet_alpha: 0.3
temperature_tau: 0.93
n_blocks: 12
hidden_dim: 128
embedding_dim: 16
kernel_size: 3
normalize: false
rescale_value_input: false
rescale_se_input: false
obs_space_kwargs: {}
reward_space_kwargs: {}
act_space: BasicActionSpace
obs_space: HistoricalObs
reward_space: GameResultReward
optimizer_class: Adam
optimizer_kwargs:
  lr: 0.001
  eps: 0.0003
  weight_decay: 0.001
min_lr_mod: 0.002
search_threads: 10
max_processes: 1
simulation_num_per_move: 200
max_games_per_file: 10
self_play_games: 800
model_dir: models
current_model_weight_fname: null
nextgen_model_weight_fname: mcts_phase1.pt
best_model_weight_fname: _best_model.pt
replace_rate: 0.55
eval_games: 100
play_data_dir: play_data\raw
play_data_filename_tmpl: play_%s.pkl
log_dir: logs
main_log_path: main.log
max_epochs: 50
use_mixed_precision: true
discounting: 0.999
reduction: mean
clip_grads: 10.0
checkpoint_freq: 10.0
num_learner_threads: 1
load_dir: null
n_value_warmup_batches: 0
debug: false

[2024-04-27 08:32:01,324][__main__][INFO] - Running: self_play
[2024-04-27 08:39:22,056][worker.self_play][INFO] - save play data to D:\Nick\Documents\GitHub\MCTS-Connect-Four\play_data\raw
[2024-04-27 08:45:17,995][worker.self_play][INFO] - save play data to D:\Nick\Documents\GitHub\MCTS-Connect-Four\play_data\raw
[2024-04-27 08:50:45,465][worker.self_play][INFO] - save play data to D:\Nick\Documents\GitHub\MCTS-Connect-Four\play_data\raw
[2024-04-27 08:56:35,177][worker.self_play][INFO] - save play data to D:\Nick\Documents\GitHub\MCTS-Connect-Four\play_data\raw
[2024-04-27 09:02:22,860][worker.self_play][INFO] - save play data to D:\Nick\Documents\GitHub\MCTS-Connect-Four\play_data\raw
[2024-04-27 09:11:08,310][worker.self_play][INFO] - save play data to D:\Nick\Documents\GitHub\MCTS-Connect-Four\play_data\raw
[2024-04-27 09:18:27,558][worker.self_play][INFO] - save play data to D:\Nick\Documents\GitHub\MCTS-Connect-Four\play_data\raw
[2024-04-27 09:24:51,163][worker.self_play][INFO] - save play data to D:\Nick\Documents\GitHub\MCTS-Connect-Four\play_data\raw
[2024-04-27 09:30:26,335][worker.self_play][INFO] - save play data to D:\Nick\Documents\GitHub\MCTS-Connect-Four\play_data\raw
[2024-04-27 09:35:42,979][worker.self_play][INFO] - save play data to D:\Nick\Documents\GitHub\MCTS-Connect-Four\play_data\raw
[2024-04-27 09:42:44,335][worker.self_play][INFO] - save play data to D:\Nick\Documents\GitHub\MCTS-Connect-Four\play_data\raw
[2024-04-27 09:48:29,840][worker.self_play][INFO] - save play data to D:\Nick\Documents\GitHub\MCTS-Connect-Four\play_data\raw
[2024-04-27 09:53:05,086][worker.self_play][INFO] - save play data to D:\Nick\Documents\GitHub\MCTS-Connect-Four\play_data\raw
[2024-04-27 09:58:41,729][worker.self_play][INFO] - save play data to D:\Nick\Documents\GitHub\MCTS-Connect-Four\play_data\raw
[2024-04-27 10:04:59,726][worker.self_play][INFO] - save play data to D:\Nick\Documents\GitHub\MCTS-Connect-Four\play_data\raw
[2024-04-27 10:10:19,199][worker.self_play][INFO] - save play data to D:\Nick\Documents\GitHub\MCTS-Connect-Four\play_data\raw
[2024-04-27 10:16:56,336][worker.self_play][INFO] - save play data to D:\Nick\Documents\GitHub\MCTS-Connect-Four\play_data\raw
[2024-04-27 10:22:54,864][worker.self_play][INFO] - save play data to D:\Nick\Documents\GitHub\MCTS-Connect-Four\play_data\raw
[2024-04-27 10:29:44,007][worker.self_play][INFO] - save play data to D:\Nick\Documents\GitHub\MCTS-Connect-Four\play_data\raw
[2024-04-27 10:35:36,924][worker.self_play][INFO] - save play data to D:\Nick\Documents\GitHub\MCTS-Connect-Four\play_data\raw
[2024-04-27 10:42:10,334][worker.self_play][INFO] - save play data to D:\Nick\Documents\GitHub\MCTS-Connect-Four\play_data\raw
[2024-04-27 10:49:38,725][worker.self_play][INFO] - save play data to D:\Nick\Documents\GitHub\MCTS-Connect-Four\play_data\raw
[2024-04-27 10:55:08,008][worker.self_play][INFO] - save play data to D:\Nick\Documents\GitHub\MCTS-Connect-Four\play_data\raw
[2024-04-27 11:01:01,911][worker.self_play][INFO] - save play data to D:\Nick\Documents\GitHub\MCTS-Connect-Four\play_data\raw
[2024-04-27 11:05:31,725][worker.self_play][INFO] - save play data to D:\Nick\Documents\GitHub\MCTS-Connect-Four\play_data\raw
[2024-04-27 11:11:15,810][worker.self_play][INFO] - save play data to D:\Nick\Documents\GitHub\MCTS-Connect-Four\play_data\raw
[2024-04-27 11:18:01,224][worker.self_play][INFO] - save play data to D:\Nick\Documents\GitHub\MCTS-Connect-Four\play_data\raw
[2024-04-27 11:25:09,885][worker.self_play][INFO] - save play data to D:\Nick\Documents\GitHub\MCTS-Connect-Four\play_data\raw
[2024-04-27 11:30:02,443][worker.self_play][INFO] - save play data to D:\Nick\Documents\GitHub\MCTS-Connect-Four\play_data\raw
[2024-04-27 11:36:43,186][worker.self_play][INFO] - save play data to D:\Nick\Documents\GitHub\MCTS-Connect-Four\play_data\raw
[2024-04-27 11:42:30,117][worker.self_play][INFO] - save play data to D:\Nick\Documents\GitHub\MCTS-Connect-Four\play_data\raw
[2024-04-27 11:48:44,908][worker.self_play][INFO] - save play data to D:\Nick\Documents\GitHub\MCTS-Connect-Four\play_data\raw
[2024-04-27 11:57:10,369][worker.self_play][INFO] - save play data to D:\Nick\Documents\GitHub\MCTS-Connect-Four\play_data\raw
[2024-04-27 12:10:59,204][worker.self_play][INFO] - save play data to D:\Nick\Documents\GitHub\MCTS-Connect-Four\play_data\raw
[2024-04-27 12:22:15,367][worker.self_play][INFO] - save play data to D:\Nick\Documents\GitHub\MCTS-Connect-Four\play_data\raw
[2024-04-27 12:33:14,577][worker.self_play][INFO] - save play data to D:\Nick\Documents\GitHub\MCTS-Connect-Four\play_data\raw
[2024-04-27 12:43:52,930][worker.self_play][INFO] - save play data to D:\Nick\Documents\GitHub\MCTS-Connect-Four\play_data\raw
[2024-04-27 12:57:22,845][worker.self_play][INFO] - save play data to D:\Nick\Documents\GitHub\MCTS-Connect-Four\play_data\raw
[2024-04-27 13:10:49,560][worker.self_play][INFO] - save play data to D:\Nick\Documents\GitHub\MCTS-Connect-Four\play_data\raw
[2024-04-27 13:22:06,178][worker.self_play][INFO] - save play data to D:\Nick\Documents\GitHub\MCTS-Connect-Four\play_data\raw
