[2024-04-19 00:46:38,764][__main__][INFO] - name: mcts_phase1
project: MCTS_Connect4
entity: filipinogambino
group: initial_testing
weights_only: false
model_arch: conv_model
unexplored_action: 1.0e-05
enable_wandb: false
log_freq: 10
worker_type: evaluate
seed: 42
device: cuda:0
batch_size: 1024
noise_eps: 0.25
c_puct: 1.5
dirichlet_alpha: 0.3
tau_decay_rate: 0.99
n_blocks: 8
hidden_dim: 128
embedding_dim: 32
kernel_size: 3
normalize: false
rescale_value_input: false
rescale_se_input: false
obs_space_kwargs: {}
reward_space_kwargs: {}
act_space: BasicActionSpace
obs_space: HistoricalObs
reward_space: GameResultReward
optimizer_class: Adam
optimizer_kwargs:
  lr: 1.0e-06
  eps: 0.0003
min_lr_mod: 0.002
search_threads: 10
max_processes: 1
simulation_num_per_move: 100
max_games_per_file: 100
self_play_games: 800
model_dir: models
current_model_weight_fname: null
nextgen_model_weight_fname: mcts_phase1.pt
best_model_weight_fname: _best_model.pt
replace_rate: 0.55
eval_games: 200
play_data_dir: play_data/raw
play_data_filename_tmpl: play_%s.pkl
log_dir: logs
main_log_path: main.log
max_epochs: 10
use_mixed_precision: true
discounting: 0.999
reduction: mean
clip_grads: 10.0
checkpoint_freq: 10.0
num_learner_threads: 1
load_dir: null
n_value_warmup_batches: 0
debug: false

[2024-04-19 00:46:38,769][__main__][INFO] - Running: evaluate
[2024-04-19 00:46:43,749][agent.c4_api][INFO] - Model loaded onto cuda:0 device
[2024-04-19 00:46:43,753][agent.c4_api][INFO] - Model loaded onto cuda:0 device
[2024-04-19 00:46:43,756][worker.evaluate][INFO] - Starting evaluation of the nextgen model
[2024-04-19 00:46:58,077][worker.evaluate][INFO] - Game   1: Win_rate=100.00%
[[0 0 0 0 0 0 0]
 [0 0 0 0 0 0 0]
 [0 0 0 0 0 0 0]
 [0 0 0 0 0 0 0]
 [0 0 2 1 0 0 2]
 [1 1 1 1 2 0 2]]

[2024-04-19 00:47:11,690][worker.evaluate][INFO] - Game   2: Win_rate=50.00%
[[0 0 0 0 0 0 0]
 [0 0 2 0 0 0 0]
 [0 0 1 0 0 0 0]
 [0 0 1 1 0 0 0]
 [0 0 2 2 1 2 0]
 [0 0 1 2 2 1 1]]

[2024-04-19 00:47:22,082][worker.evaluate][INFO] - Game   3: Win_rate=33.33%
[[0 0 0 0 0 0 0]
 [0 0 0 0 0 0 0]
 [0 0 2 0 0 0 0]
 [0 0 2 0 0 1 0]
 [0 0 2 0 0 2 0]
 [1 0 2 0 1 1 1]]

[2024-04-19 00:47:31,357][worker.evaluate][INFO] - Game   4: Win_rate=25.00%
[[0 0 0 0 0 0 0]
 [0 0 0 0 0 0 0]
 [0 0 1 0 0 0 0]
 [0 0 1 0 0 0 0]
 [2 0 1 0 0 0 0]
 [1 0 1 2 2 0 2]]

[2024-04-19 00:47:51,637][worker.evaluate][INFO] - Game   5: Win_rate=20.00%
[[0 0 1 0 0 0 0]
 [0 2 2 0 0 0 0]
 [0 1 1 0 0 0 0]
 [0 1 2 0 0 0 0]
 [2 2 2 2 0 0 0]
 [1 1 2 1 1 1 2]]

[2024-04-19 00:47:58,216][worker.evaluate][INFO] - Game   6: Win_rate=16.67%
[[0 0 0 0 0 0 0]
 [0 0 0 0 0 0 0]
 [0 0 0 0 0 0 0]
 [0 0 0 2 0 0 0]
 [0 0 0 2 0 0 0]
 [2 1 1 1 1 0 0]]

[2024-04-19 00:48:13,442][worker.evaluate][INFO] - Game   7: Win_rate=28.57%
[[0 0 0 0 0 0 0]
 [0 0 0 0 0 0 0]
 [0 0 2 0 0 0 0]
 [2 0 1 2 0 0 0]
 [1 1 1 1 0 0 2]
 [2 1 1 1 2 0 2]]

[2024-04-19 00:48:30,578][worker.evaluate][INFO] - Game   8: Win_rate=25.00%
[[0 0 0 0 0 0 1]
 [0 0 0 0 0 0 2]
 [0 0 0 1 0 0 1]
 [0 0 0 1 0 0 2]
 [0 0 2 1 2 0 2]
 [2 2 1 1 1 2 1]]

[2024-04-19 00:49:04,404][worker.evaluate][INFO] - Game   9: Win_rate=22.22%
[[0 0 1 0 0 1 0]
 [0 0 2 0 2 2 0]
 [0 2 2 0 1 1 1]
 [2 1 1 0 2 1 2]
 [1 1 2 2 2 2 1]
 [1 2 2 1 1 2 1]]

[2024-04-19 00:49:34,919][worker.evaluate][INFO] - Game  10: Win_rate=30.00%
[[0 2 0 0 0 0 0]
 [0 1 1 0 0 0 0]
 [2 2 2 2 0 1 0]
 [1 1 1 2 0 1 0]
 [2 2 2 1 1 2 0]
 [1 2 2 1 1 2 1]]

[2024-04-19 00:49:50,215][worker.evaluate][INFO] - Game  11: Win_rate=27.27%
[[0 0 0 0 0 0 0]
 [0 0 0 0 0 0 0]
 [0 0 0 0 0 1 0]
 [0 1 0 0 1 2 0]
 [0 1 0 0 1 2 2]
 [0 1 2 2 2 2 1]]

[2024-04-19 00:49:58,854][worker.evaluate][INFO] - Game  12: Win_rate=25.00%
[[0 0 0 0 0 0 0]
 [0 0 0 0 0 0 0]
 [0 0 0 0 0 0 0]
 [0 0 0 0 0 0 0]
 [2 0 0 0 0 2 2]
 [1 0 1 1 1 1 2]]

[2024-04-19 00:50:21,330][worker.evaluate][INFO] - Game  13: Win_rate=30.77%
[[0 0 2 0 0 0 0]
 [0 0 1 0 0 0 0]
 [0 0 2 1 0 0 0]
 [0 0 1 2 1 0 0]
 [0 1 2 1 2 2 0]
 [1 1 2 1 2 1 2]]

[2024-04-19 00:50:36,861][worker.evaluate][INFO] - Game  14: Win_rate=28.57%
[[0 0 0 0 0 0 0]
 [0 0 0 0 0 0 0]
 [0 0 0 0 1 0 0]
 [0 2 2 0 1 0 0]
 [0 2 1 0 1 0 0]
 [2 1 2 1 1 0 2]]

[2024-04-19 00:50:50,257][worker.evaluate][INFO] - Game  15: Win_rate=26.67%
[[0 0 0 0 0 0 0]
 [0 0 0 0 0 0 0]
 [0 0 0 0 1 0 0]
 [0 0 1 0 2 0 0]
 [0 0 2 0 1 0 0]
 [1 2 2 2 2 1 1]]

[2024-04-19 00:50:58,437][worker.evaluate][INFO] - Game  16: Win_rate=25.00%
[[0 0 0 0 0 0 0]
 [0 0 0 0 0 0 0]
 [0 0 0 0 0 0 0]
 [0 0 2 0 0 0 0]
 [0 0 2 0 0 0 0]
 [0 1 1 1 1 0 2]]

[2024-04-19 00:51:04,840][worker.evaluate][INFO] - Game  17: Win_rate=29.41%
[[0 0 0 0 0 0 0]
 [0 0 0 0 0 0 0]
 [0 0 0 0 0 0 0]
 [0 0 0 0 0 0 0]
 [0 0 2 0 0 0 0]
 [1 1 1 1 2 0 2]]

[2024-04-19 00:51:12,874][worker.evaluate][INFO] - Game  18: Win_rate=33.33%
[[0 0 0 0 0 0 0]
 [0 0 0 0 0 0 0]
 [0 0 0 0 0 0 0]
 [0 0 1 0 0 0 0]
 [0 0 1 0 0 1 0]
 [0 0 1 2 2 2 2]]

[2024-04-19 00:51:19,576][worker.evaluate][INFO] - Game  19: Win_rate=36.84%
[[0 0 0 0 0 0 0]
 [0 0 0 0 0 0 0]
 [0 0 2 0 0 0 0]
 [0 0 2 0 0 0 0]
 [0 0 2 0 0 0 0]
 [1 1 1 1 0 0 0]]

[2024-04-19 00:51:44,370][worker.evaluate][INFO] - Game  20: Win_rate=40.00%
[[0 0 1 0 0 0 0]
 [0 0 2 0 0 0 0]
 [0 0 1 2 0 2 0]
 [2 1 1 2 1 1 0]
 [1 2 1 2 2 1 0]
 [2 1 2 2 1 1 2]]

[2024-04-19 00:51:55,983][worker.evaluate][INFO] - Game  21: Win_rate=38.10%
[[0 0 2 0 0 0 0]
 [0 0 2 0 0 0 0]
 [0 0 2 0 0 0 0]
 [1 0 2 0 0 0 0]
 [1 1 1 0 0 0 0]
 [1 2 1 0 2 0 0]]

[2024-04-19 00:52:09,812][worker.evaluate][INFO] - Game  22: Win_rate=40.91%
[[0 0 0 0 0 0 0]
 [0 0 0 0 0 0 0]
 [0 0 0 0 0 2 0]
 [0 0 0 0 0 2 0]
 [0 1 1 1 0 2 0]
 [1 2 1 1 2 2 0]]

[2024-04-19 00:52:30,666][worker.evaluate][INFO] - Game  23: Win_rate=43.48%
[[0 0 0 0 0 0 0]
 [0 0 2 0 1 0 0]
 [0 0 2 1 2 0 0]
 [0 0 1 2 1 0 0]
 [0 1 2 1 1 0 0]
 [0 1 2 2 2 1 0]]

[2024-04-19 00:52:40,942][worker.evaluate][INFO] - Game  24: Win_rate=41.67%
[[0 0 0 0 0 0 0]
 [0 0 0 0 0 0 0]
 [0 0 1 0 0 0 0]
 [0 0 1 0 0 0 0]
 [0 0 1 0 0 2 0]
 [0 2 1 0 2 2 1]]

[2024-04-19 00:52:51,942][worker.evaluate][INFO] - Game  25: Win_rate=40.00%
[[0 0 0 0 0 0 0]
 [0 0 0 0 0 0 0]
 [0 0 2 0 0 0 0]
 [0 0 2 0 0 0 0]
 [0 0 2 0 2 0 1]
 [1 1 2 0 1 0 1]]

[2024-04-19 00:53:05,807][worker.evaluate][INFO] - Game  26: Win_rate=38.46%
[[0 0 1 0 0 0 0]
 [0 0 1 0 0 0 0]
 [0 0 1 0 0 0 0]
 [0 0 1 0 0 0 0]
 [0 0 2 0 0 2 1]
 [2 0 2 2 1 2 1]]

