[2024-04-15 23:21:41,077][__main__][INFO] - name: conv_debug
project: MCTS_Connect4
entity: filipinogambino
group: debug
weights_only: false
model_arch: conv_model
total_steps: 1000
c: 0.9
unexplored_action: 1.0e-05
disable_wandb: true
max_steps: 1000
n_rollouts: 1000
worker_type: self_play
seed: 42
device: cpu
unroll_length: 16
batch_size: 16
virtual_loss: 3
noise_eps: 0.25
c_puct: 1.5
dirichlet_alpha: 0.3
tau_decay_rate: 0.99
n_blocks: 8
hidden_dim: 128
embedding_dim: 32
kernel_size: 3
normalize: false
rescale_value_input: false
rescale_se_input: false
obs_space_kwargs: {}
reward_space_kwargs: {}
act_space: BasicActionSpace
obs_space: HistoricalObs
reward_space: GameResultReward
optimizer_class: Adam
optimizer_kwargs:
  lr: 1.0e-05
  eps: 0.0003
min_lr_mod: 0.002
actor_device: cpu
learner_device: cpu
search_threads: 1
max_processes: 1
simulation_num_per_move: 7
nb_game_in_file: 100
data_dir: data
model_dir: models
best_model_fname: model_best_config.pt
best_model_weight_fname: best_weights.pt
next_gen_model_dir: next_generation
next_gen_model_dirname_tmpl: model_%s
next_gen_model_config_filename: model_config.json
next_gen_model_weight_filename: model_weight.h5
play_data_dir: play_data
play_data_filename_tmpl: play_%s.pkl
log_dir: logs
main_log_path: main.log
max_epochs: 10
use_mixed_precision: true
discounting: 0.999
reduction: mean
clip_grads: 10.0
checkpoint_freq: 10.0
num_learner_threads: 1
load_dir: null
checkpoint_file: null
n_value_warmup_batches: 0
debug: false

[2024-04-15 23:21:41,082][__main__][INFO] - Running: self_play
[2024-04-15 23:24:33,364][worker.self_play][INFO] - save play data to D:\Nick\Documents\GitHub\MCTS-Connect-Four\play_data\play_20240415-232433.364080.pkl
[2024-04-15 23:27:27,646][worker.self_play][INFO] - save play data to D:\Nick\Documents\GitHub\MCTS-Connect-Four\play_data\play_20240415-232727.646485.pkl
[2024-04-15 23:30:19,179][worker.self_play][INFO] - save play data to D:\Nick\Documents\GitHub\MCTS-Connect-Four\play_data\play_20240415-233019.179859.pkl
[2024-04-15 23:33:16,405][worker.self_play][INFO] - save play data to D:\Nick\Documents\GitHub\MCTS-Connect-Four\play_data\play_20240415-233316.405485.pkl
[2024-04-15 23:36:05,099][worker.self_play][INFO] - save play data to D:\Nick\Documents\GitHub\MCTS-Connect-Four\play_data\play_20240415-233605.099236.pkl
[2024-04-15 23:38:56,978][worker.self_play][INFO] - save play data to D:\Nick\Documents\GitHub\MCTS-Connect-Four\play_data\play_20240415-233856.978233.pkl
[2024-04-15 23:41:44,886][worker.self_play][INFO] - save play data to D:\Nick\Documents\GitHub\MCTS-Connect-Four\play_data\play_20240415-234144.886065.pkl
[2024-04-15 23:44:39,493][worker.self_play][INFO] - save play data to D:\Nick\Documents\GitHub\MCTS-Connect-Four\play_data\play_20240415-234439.493225.pkl
