[2024-04-19 01:04:18,222][__main__][INFO] - name: mcts_phase1
project: MCTS_Connect4
entity: filipinogambino
group: initial_testing
weights_only: false
model_arch: conv_model
unexplored_action: 1.0e-05
enable_wandb: false
log_freq: 10
worker_type: evaluate
seed: 42
learner_device: cuda
actor_device: cpu
batch_size: 1024
noise_eps: 0.25
c_puct: 1.5
dirichlet_alpha: 0.3
tau_decay_rate: 0.99
n_blocks: 8
hidden_dim: 128
embedding_dim: 32
kernel_size: 3
normalize: false
rescale_value_input: false
rescale_se_input: false
obs_space_kwargs: {}
reward_space_kwargs: {}
act_space: BasicActionSpace
obs_space: HistoricalObs
reward_space: GameResultReward
optimizer_class: Adam
optimizer_kwargs:
  lr: 1.0e-06
  eps: 0.0003
min_lr_mod: 0.002
search_threads: 10
max_processes: 1
simulation_num_per_move: 100
max_games_per_file: 100
self_play_games: 800
model_dir: models
current_model_weight_fname: null
nextgen_model_weight_fname: mcts_phase1.pt
best_model_weight_fname: _best_model.pt
replace_rate: 0.55
eval_games: 200
play_data_dir: play_data/raw
play_data_filename_tmpl: play_%s.pkl
log_dir: logs
main_log_path: main.log
max_epochs: 10
use_mixed_precision: true
discounting: 0.999
reduction: mean
clip_grads: 10.0
checkpoint_freq: 10.0
num_learner_threads: 1
load_dir: null
n_value_warmup_batches: 0
debug: false

[2024-04-19 01:04:18,226][__main__][INFO] - Running: evaluate
[2024-04-19 01:04:22,974][agent.c4_api][INFO] - Model loaded onto cpu device
[2024-04-19 01:04:22,978][agent.c4_api][INFO] - Model loaded onto cpu device
[2024-04-19 01:04:22,981][worker.evaluate][INFO] - Starting evaluation of the nextgen model
[2024-04-19 01:04:40,391][worker.evaluate][INFO] - Game   1: Win_rate=100.00%
[[0 0 0 2 0 0 0]
 [0 0 0 2 0 0 0]
 [0 0 1 1 0 0 0]
 [0 0 1 2 0 0 0]
 [0 1 2 1 0 0 0]
 [1 1 1 2 0 2 2]]

[2024-04-19 01:05:04,577][worker.evaluate][INFO] - Game   2: Win_rate=50.00%
[[0 0 0 1 0 0 0]
 [0 0 1 2 0 0 0]
 [0 2 1 2 0 1 0]
 [0 2 2 1 1 1 0]
 [0 1 2 1 2 1 2]
 [2 2 1 1 2 1 2]]

[2024-04-19 01:05:14,045][worker.evaluate][INFO] - Game   3: Win_rate=33.33%
[[0 0 0 0 0 0 0]
 [0 0 0 0 0 0 0]
 [0 0 2 0 0 0 0]
 [0 0 2 0 1 0 0]
 [0 0 2 0 1 0 0]
 [1 1 2 0 1 0 2]]

[2024-04-19 01:05:30,812][worker.evaluate][INFO] - Game   4: Win_rate=25.00%
[[0 0 0 0 0 0 0]
 [0 0 0 0 0 0 0]
 [0 0 0 0 0 0 1]
 [2 0 0 0 2 1 1]
 [2 2 0 0 1 1 2]
 [2 2 1 1 1 2 1]]

[2024-04-19 01:05:52,056][worker.evaluate][INFO] - Game   5: Win_rate=20.00%
[[0 0 0 0 0 0 0]
 [0 0 0 1 0 0 0]
 [0 0 2 2 0 0 0]
 [0 0 2 2 0 1 0]
 [0 1 2 1 0 2 1]
 [1 1 2 1 2 2 1]]

[2024-04-19 01:06:21,684][worker.evaluate][INFO] - Game   6: Win_rate=33.33%
[[2 0 0 1 0 0 0]
 [1 2 0 2 0 0 0]
 [1 1 0 1 2 0 0]
 [2 1 0 2 1 2 0]
 [1 2 1 2 1 2 2]
 [1 1 1 2 1 2 2]]

[2024-04-19 01:06:45,274][worker.evaluate][INFO] - Game   7: Win_rate=28.57%
[[0 0 0 0 0 0 0]
 [0 0 0 0 0 0 0]
 [0 0 0 1 2 0 1]
 [0 1 0 2 2 1 2]
 [1 2 2 1 2 2 1]
 [1 2 1 2 2 1 1]]

[2024-04-19 01:07:00,195][worker.evaluate][INFO] - Game   8: Win_rate=37.50%
[[0 0 0 0 0 0 0]
 [0 0 0 0 0 0 0]
 [2 0 0 0 0 0 0]
 [2 2 0 1 0 0 0]
 [2 1 0 1 0 0 0]
 [2 2 1 1 1 2 1]]

[2024-04-19 01:07:19,332][worker.evaluate][INFO] - Game   9: Win_rate=44.44%
[[0 0 0 0 0 0 0]
 [0 0 2 1 0 0 0]
 [0 0 1 1 1 0 0]
 [0 0 2 2 1 1 0]
 [0 0 1 2 2 2 1]
 [2 2 1 2 1 2 1]]

[2024-04-19 01:07:57,160][worker.evaluate][INFO] - Game  10: Win_rate=50.00%
[[0 0 0 0 0 0 0]
 [0 0 0 0 0 0 1]
 [0 0 0 2 0 0 2]
 [0 0 2 1 2 2 1]
 [1 2 1 2 1 1 1]
 [2 2 1 1 1 2 2]]

[2024-04-19 01:08:25,454][worker.evaluate][INFO] - Game  11: Win_rate=45.45%
[[0 0 0 0 0 0 0]
 [1 0 0 2 1 0 0]
 [1 1 0 2 1 2 0]
 [2 2 0 1 2 1 0]
 [1 2 0 2 1 1 2]
 [1 1 2 2 1 2 2]]

[2024-04-19 01:08:32,658][worker.evaluate][INFO] - Game  12: Win_rate=50.00%
[[0 0 0 0 0 0 0]
 [0 0 0 0 0 0 0]
 [0 0 0 0 0 0 0]
 [0 0 0 0 0 1 0]
 [0 0 0 0 0 1 1]
 [0 0 2 2 2 2 1]]

[2024-04-19 01:08:45,941][worker.evaluate][INFO] - Game  13: Win_rate=53.85%
[[0 1 0 0 0 0 0]
 [0 1 0 0 0 0 0]
 [0 1 0 0 0 0 0]
 [0 1 0 0 0 0 0]
 [0 2 0 2 0 2 2]
 [1 2 1 2 2 1 1]]

[2024-04-19 01:08:58,844][worker.evaluate][INFO] - Game  14: Win_rate=50.00%
[[0 0 0 0 0 0 0]
 [0 2 0 0 0 0 0]
 [0 1 0 0 0 0 0]
 [0 1 0 0 0 0 0]
 [0 2 0 2 0 0 0]
 [2 1 1 1 1 0 2]]

[2024-04-19 01:09:08,337][worker.evaluate][INFO] - Game  15: Win_rate=53.33%
[[0 0 0 0 0 0 0]
 [0 0 0 0 0 0 0]
 [0 0 0 0 0 0 0]
 [0 0 0 2 0 0 0]
 [0 0 0 2 0 2 0]
 [0 1 2 1 1 1 1]]

