[2024-04-18 00:20:34,547][__main__][INFO] - name: mcts_phase2
project: MCTS_Connect4
entity: filipinogambino
group: initial_testing
weights_only: false
model_arch: conv_model
unexplored_action: 1.0e-05
disable_wandb: true
worker_type: evaluate
seed: 42
device: cpu
batch_size: 1024
virtual_loss: 3
noise_eps: 0.25
c_puct: 1.5
dirichlet_alpha: 0.3
tau_decay_rate: 0.99
n_blocks: 8
hidden_dim: 128
embedding_dim: 32
kernel_size: 3
normalize: false
rescale_value_input: false
rescale_se_input: false
obs_space_kwargs: {}
reward_space_kwargs: {}
act_space: BasicActionSpace
obs_space: HistoricalObs
reward_space: GameResultReward
optimizer_class: Adam
optimizer_kwargs:
  lr: 1.0e-05
  eps: 0.0003
min_lr_mod: 0.002
actor_device: cpu
learner_device: cpu
search_threads: 1
max_processes: 1
simulation_num_per_move: 5
self_play_games: 800
max_games_per_file: 100
model_dir: models
current_model_weight_fname: mcts_phase1.pt
nextgen_model_weight_fname: mcts_phase2.pt
best_model_weight_fname: _best_model.pt
replace_rate: 0.55
eval_games: 100
play_data_dir: play_data/raw
play_data_filename_tmpl: play_%s.pkl
log_dir: logs
main_log_path: main.log
max_epochs: 100
use_mixed_precision: true
discounting: 0.999
reduction: mean
clip_grads: 10.0
checkpoint_freq: 10.0
num_learner_threads: 1
load_dir: null
n_value_warmup_batches: 0
debug: false

[2024-04-18 00:20:34,551][__main__][INFO] - Running: evaluate
[2024-04-18 00:20:37,243][worker.evaluate][INFO] - Starting evaluation of the nextgen model
[2024-04-18 00:20:40,927][worker.evaluate][INFO] - Game   1: Win_rate=100.00%
[[0 0 0 0 0 0 0]
 [0 0 1 0 0 0 0]
 [0 0 1 0 0 0 2]
 [0 0 1 2 0 0 1]
 [0 0 1 2 0 2 1]
 [1 0 2 2 0 1 2]]

[2024-04-18 00:20:42,564][worker.evaluate][INFO] - Game   2: Win_rate=100.00%
[[0 0 2 0 0 2 0]
 [1 0 2 0 0 2 0]
 [2 0 2 0 0 2 0]
 [1 1 2 0 0 1 0]
 [2 1 1 0 0 2 0]
 [1 1 2 1 1 1 0]]

[2024-04-18 00:20:44,027][worker.evaluate][INFO] - Game   3: Win_rate=100.00%
[[0 0 2 0 0 0 0]
 [0 0 2 0 0 2 0]
 [0 0 1 0 0 1 0]
 [0 0 2 1 0 2 0]
 [0 0 1 2 1 1 0]
 [1 2 1 2 2 1 1]]

[2024-04-18 00:20:45,574][worker.evaluate][INFO] - Game   4: Win_rate=75.00%
[[0 0 1 0 0 2 0]
 [0 0 1 0 0 2 0]
 [0 0 1 1 0 1 0]
 [0 0 1 1 0 2 0]
 [0 2 2 2 0 2 0]
 [1 2 1 1 1 2 2]]

[2024-04-18 00:20:46,700][worker.evaluate][INFO] - Game   5: Win_rate=80.00%
[[0 0 0 0 0 0 0]
 [0 0 0 0 0 0 0]
 [0 0 0 0 0 1 0]
 [2 0 0 0 0 1 0]
 [2 0 0 1 0 1 2]
 [2 0 1 2 2 1 1]]

[2024-04-18 00:20:48,632][worker.evaluate][INFO] - Game   6: Win_rate=66.67%
[[0 0 1 0 0 2 0]
 [0 0 2 0 0 2 0]
 [2 0 1 0 2 1 0]
 [2 0 1 0 1 2 0]
 [1 2 2 0 1 1 1]
 [2 2 2 1 1 1 1]]

[2024-04-18 00:20:49,697][worker.evaluate][INFO] - Game   7: Win_rate=71.43%
[[0 0 0 0 0 2 0]
 [0 0 0 0 0 1 0]
 [0 0 2 0 0 2 0]
 [0 0 1 0 0 2 0]
 [0 0 1 0 0 2 0]
 [0 2 1 1 1 1 0]]

[2024-04-18 00:20:50,797][worker.evaluate][INFO] - Game   8: Win_rate=75.00%
[[0 0 0 0 0 2 0]
 [0 0 0 0 0 2 0]
 [0 0 0 0 0 2 0]
 [0 0 0 0 1 2 0]
 [2 0 0 1 1 1 2]
 [1 1 0 1 1 2 2]]

[2024-04-18 00:20:53,064][worker.evaluate][INFO] - Game   9: Win_rate=66.67%
[[0 0 1 0 1 2 0]
 [0 0 2 0 1 2 0]
 [1 2 1 0 2 1 0]
 [1 2 1 0 1 1 0]
 [1 1 2 2 2 2 2]
 [2 2 1 2 1 1 2]]

[2024-04-18 00:20:54,898][worker.evaluate][INFO] - Game  10: Win_rate=60.00%
[[0 2 0 0 0 2 0]
 [0 1 0 0 0 1 0]
 [0 2 2 1 0 1 0]
 [0 1 1 2 0 2 0]
 [1 1 2 2 0 1 0]
 [1 2 2 1 1 2 0]]

[2024-04-18 00:20:55,621][worker.evaluate][INFO] - Game  11: Win_rate=63.64%
[[0 0 0 0 0 0 0]
 [0 0 0 0 0 0 0]
 [0 0 0 0 0 1 0]
 [0 0 2 0 0 1 0]
 [0 0 1 0 0 1 0]
 [2 2 2 0 0 1 0]]

[2024-04-18 00:20:56,173][worker.evaluate][INFO] - Game  12: Win_rate=58.33%
[[0 0 0 0 0 0 0]
 [0 0 0 0 0 0 0]
 [0 0 0 0 0 0 0]
 [0 0 0 0 0 0 0]
 [0 0 2 0 0 2 0]
 [1 1 1 1 0 2 0]]

[2024-04-18 00:20:58,019][worker.evaluate][INFO] - Game  13: Win_rate=53.85%
[[0 0 0 0 0 2 0]
 [0 2 0 0 0 2 0]
 [0 2 0 0 0 1 0]
 [1 2 1 0 1 1 0]
 [1 2 2 2 1 2 1]
 [1 1 2 2 1 1 2]]

[2024-04-18 00:20:59,079][worker.evaluate][INFO] - Game  14: Win_rate=57.14%
[[0 0 0 0 0 0 0]
 [0 0 0 0 1 0 0]
 [0 0 0 0 2 2 0]
 [0 0 0 0 1 2 0]
 [0 0 1 0 1 2 2]
 [0 1 2 0 1 2 1]]

[2024-04-18 00:21:00,283][worker.evaluate][INFO] - Game  15: Win_rate=60.00%
[[0 0 0 0 0 1 0]
 [0 0 0 0 0 2 0]
 [0 0 1 0 0 2 0]
 [0 0 1 0 1 1 0]
 [2 0 1 0 2 1 0]
 [2 2 1 1 2 2 0]]

[2024-04-18 00:21:01,208][worker.evaluate][INFO] - Game  16: Win_rate=56.25%
[[0 0 0 0 0 0 0]
 [0 0 0 0 0 0 0]
 [0 0 0 1 0 0 0]
 [0 0 0 1 0 2 0]
 [2 0 0 1 0 2 0]
 [1 1 2 1 1 2 2]]

[2024-04-18 00:21:02,695][worker.evaluate][INFO] - Game  17: Win_rate=52.94%
[[0 0 0 0 0 0 0]
 [0 0 0 0 0 0 0]
 [0 2 0 0 1 1 0]
 [1 2 0 0 1 2 0]
 [2 1 0 2 2 2 2]
 [1 1 2 1 1 2 1]]

[2024-04-18 00:21:03,760][worker.evaluate][INFO] - Game  18: Win_rate=55.56%
[[0 0 0 0 0 2 0]
 [0 0 0 0 0 2 0]
 [0 0 0 0 0 2 0]
 [0 0 0 0 0 2 1]
 [0 0 0 0 1 1 2]
 [0 1 1 1 2 2 1]]

[2024-04-18 00:21:05,706][worker.evaluate][INFO] - Game  19: Win_rate=57.89%
[[1 0 2 0 0 2 0]
 [1 0 1 0 0 1 0]
 [1 0 1 0 0 1 0]
 [1 0 1 0 2 2 0]
 [2 0 2 2 1 2 2]
 [2 0 1 2 1 1 2]]

[2024-04-18 00:21:07,591][worker.evaluate][INFO] - Game  20: Win_rate=55.00%
[[0 0 0 0 0 2 0]
 [1 0 2 0 0 1 0]
 [2 0 1 0 1 2 0]
 [2 1 2 0 1 1 0]
 [1 1 2 0 1 2 1]
 [1 2 2 0 1 2 2]]

[2024-04-18 00:21:09,028][worker.evaluate][INFO] - Game  21: Win_rate=57.14%
[[0 0 0 0 0 0 0]
 [0 0 0 0 0 0 0]
 [0 0 0 0 2 1 0]
 [1 0 1 2 2 1 0]
 [2 0 2 2 1 1 0]
 [1 1 1 2 2 1 2]]

[2024-04-18 00:21:11,220][worker.evaluate][INFO] - Game  22: Win_rate=54.55%
[[0 0 1 0 0 1 0]
 [0 2 2 2 0 2 0]
 [0 2 1 1 0 2 0]
 [1 2 2 1 0 1 0]
 [2 1 1 1 1 2 1]
 [2 1 2 2 1 2 1]]

[2024-04-18 00:21:11,750][worker.evaluate][INFO] - Game  23: Win_rate=56.52%
[[0 0 0 0 0 0 0]
 [0 0 0 0 0 0 0]
 [0 0 0 0 0 1 0]
 [0 0 2 0 0 1 0]
 [0 0 2 0 0 1 0]
 [0 0 2 0 0 1 0]]

[2024-04-18 00:21:13,460][worker.evaluate][INFO] - Game  24: Win_rate=54.17%
[[2 0 1 0 0 0 0]
 [2 0 1 0 0 1 0]
 [1 0 2 0 0 1 0]
 [2 0 1 0 1 1 0]
 [2 0 2 0 1 1 0]
 [2 1 2 2 1 2 2]]

[2024-04-18 00:21:14,531][worker.evaluate][INFO] - Game  25: Win_rate=52.00%
[[0 0 0 0 0 0 0]
 [0 0 0 0 0 0 0]
 [0 0 0 0 0 1 0]
 [0 0 1 0 0 1 0]
 [2 2 2 2 0 2 0]
 [1 1 2 1 0 2 1]]

[2024-04-18 00:21:15,670][worker.evaluate][INFO] - Game  26: Win_rate=53.85%
[[0 0 0 0 0 0 0]
 [0 0 0 0 0 0 0]
 [0 0 2 0 0 2 0]
 [0 0 1 0 0 2 0]
 [1 1 1 0 2 2 2]
 [1 2 1 0 1 2 1]]

[2024-04-18 00:21:17,384][worker.evaluate][INFO] - Game  27: Win_rate=55.56%
[[0 0 2 0 0 1 0]
 [0 0 1 0 0 1 0]
 [2 0 2 0 0 2 0]
 [1 2 1 0 0 2 0]
 [2 2 2 0 0 1 1]
 [2 2 1 1 1 1 1]]

[2024-04-18 00:21:19,440][worker.evaluate][INFO] - Game  28: Win_rate=53.57%
[[0 0 1 0 0 2 0]
 [2 0 2 0 2 2 0]
 [1 0 1 0 1 2 0]
 [1 1 2 0 1 1 0]
 [1 2 1 0 2 2 0]
 [2 1 2 1 2 1 1]]

[2024-04-18 00:21:20,109][worker.evaluate][INFO] - Game  29: Win_rate=55.17%
[[0 0 0 0 0 0 0]
 [0 0 0 0 0 0 0]
 [0 0 0 0 0 1 0]
 [0 0 0 0 0 1 0]
 [0 0 0 2 0 1 0]
 [0 0 1 2 2 1 2]]

[2024-04-18 00:21:21,111][worker.evaluate][INFO] - Game  30: Win_rate=53.33%
[[0 0 0 0 0 0 0]
 [0 0 0 0 0 2 0]
 [0 0 0 0 0 1 0]
 [0 0 0 0 2 1 0]
 [0 2 0 0 2 2 0]
 [0 1 1 1 1 2 1]]

[2024-04-18 00:21:22,190][worker.evaluate][INFO] - Game  31: Win_rate=51.61%
[[0 0 0 0 0 0 0]
 [0 0 0 0 0 1 0]
 [0 0 0 0 0 2 0]
 [0 0 0 0 0 1 0]
 [2 0 1 0 1 1 0]
 [2 2 2 2 1 1 2]]

[2024-04-18 00:21:24,578][worker.evaluate][INFO] - Game  32: Win_rate=50.00%
[[2 0 2 0 0 2 0]
 [2 0 2 0 2 2 0]
 [1 0 1 0 1 2 0]
 [2 2 1 0 2 1 1]
 [1 1 1 1 1 2 1]
 [2 1 2 2 1 1 1]]

[2024-04-18 00:21:26,244][worker.evaluate][INFO] - Game  33: Win_rate=48.48%
[[0 0 0 0 0 1 0]
 [0 0 0 0 1 1 0]
 [0 0 2 0 1 2 0]
 [0 1 1 0 2 1 0]
 [1 2 2 0 1 1 0]
 [2 2 2 2 1 2 2]]

[2024-04-18 00:21:28,518][worker.evaluate][INFO] - Game  34: Win_rate=47.06%
[[2 0 2 0 0 1 0]
 [2 0 1 0 0 2 0]
 [2 0 2 0 0 1 1]
 [1 0 2 0 2 1 1]
 [2 2 1 1 1 2 1]
 [1 2 2 2 1 1 1]]

[2024-04-18 00:21:30,156][worker.evaluate][INFO] - Game  35: Win_rate=45.71%
[[0 0 0 0 0 1 0]
 [0 0 0 0 0 1 0]
 [0 0 0 2 2 2 2]
 [0 0 0 2 1 2 2]
 [1 0 1 1 2 1 2]
 [1 0 1 1 2 2 1]]

[2024-04-18 00:21:30,849][worker.evaluate][INFO] - Game  36: Win_rate=44.44%
[[0 0 0 0 0 0 0]
 [0 0 0 0 0 0 0]
 [0 0 0 0 0 0 0]
 [0 0 0 0 0 2 0]
 [0 0 1 0 0 2 0]
 [2 0 2 1 1 1 1]]

[2024-04-18 00:21:31,905][worker.evaluate][INFO] - Game  37: Win_rate=43.24%
[[0 0 0 0 0 0 0]
 [0 0 0 0 0 2 0]
 [0 0 0 0 0 1 0]
 [0 0 0 0 1 1 0]
 [0 0 0 0 2 2 1]
 [1 2 2 2 2 1 1]]

[2024-04-18 00:21:32,596][worker.evaluate][INFO] - Game  38: Win_rate=42.11%
[[0 0 0 0 0 0 0]
 [0 0 0 0 0 0 0]
 [0 0 0 1 0 0 0]
 [0 0 0 1 0 2 0]
 [0 0 0 1 0 2 0]
 [2 0 0 1 1 2 0]]

[2024-04-18 00:21:34,466][worker.evaluate][INFO] - Game  39: Win_rate=43.59%
[[0 0 0 0 0 2 0]
 [1 0 0 0 0 1 0]
 [2 0 1 0 0 2 2]
 [1 0 1 2 1 2 2]
 [2 0 1 1 1 2 2]
 [1 0 1 2 2 1 1]]

[2024-04-18 00:21:35,467][worker.evaluate][INFO] - Game  40: Win_rate=42.50%
[[0 0 0 0 0 0 0]
 [0 0 0 0 0 0 0]
 [0 0 0 0 0 2 0]
 [0 0 1 0 2 2 0]
 [0 0 2 0 1 2 0]
 [0 2 1 1 1 1 1]]

[2024-04-18 00:21:36,454][worker.evaluate][INFO] - Game  41: Win_rate=43.90%
[[0 0 0 0 0 0 0]
 [0 0 0 0 0 0 0]
 [0 0 2 0 0 1 0]
 [0 0 1 0 0 2 0]
 [0 0 1 0 2 2 0]
 [2 0 1 1 1 1 2]]

[2024-04-18 00:21:37,135][worker.evaluate][INFO] - Game  42: Win_rate=42.86%
[[0 0 0 0 0 0 0]
 [0 0 0 0 0 0 0]
 [0 0 0 0 0 0 0]
 [0 1 0 0 0 0 0]
 [0 2 0 0 0 2 0]
 [0 1 1 1 1 2 2]]

[2024-04-18 00:21:38,695][worker.evaluate][INFO] - Game  43: Win_rate=44.19%
[[0 0 0 0 0 1 0]
 [0 0 2 0 0 1 0]
 [0 0 2 2 0 1 0]
 [2 0 1 2 0 1 0]
 [1 0 1 1 0 2 2]
 [1 0 2 2 1 1 2]]

[2024-04-18 00:21:39,599][worker.evaluate][INFO] - Game  44: Win_rate=45.45%
[[0 0 0 0 0 0 0]
 [0 0 0 0 0 0 0]
 [0 0 0 0 0 2 0]
 [0 0 0 0 0 2 0]
 [0 0 0 1 1 2 0]
 [2 1 2 1 1 2 1]]

[2024-04-18 00:21:40,322][worker.evaluate][INFO] - Game  45: Win_rate=44.44%
[[0 0 0 0 0 0 0]
 [0 0 0 0 0 0 0]
 [0 0 0 0 0 0 0]
 [0 0 1 0 0 1 0]
 [0 0 1 0 0 1 0]
 [0 2 1 2 2 2 2]]

[2024-04-18 00:21:42,275][worker.evaluate][INFO] - Game  46: Win_rate=45.65%
[[0 0 2 0 0 2 0]
 [0 0 1 0 0 1 0]
 [1 2 2 0 0 2 0]
 [2 2 1 1 0 1 0]
 [1 2 2 1 1 2 0]
 [1 2 2 1 1 1 2]]

[2024-04-18 00:21:44,299][worker.evaluate][INFO] - Game  47: Win_rate=44.68%
[[0 0 1 0 0 1 0]
 [0 0 2 0 0 2 0]
 [2 0 1 1 0 2 0]
 [2 2 1 2 0 1 0]
 [2 1 1 2 1 2 0]
 [2 1 2 1 1 1 2]]

[2024-04-18 00:21:44,905][worker.evaluate][INFO] - Game  48: Win_rate=45.83%
[[0 0 0 0 0 0 0]
 [0 0 0 0 0 2 0]
 [0 0 0 0 0 2 0]
 [0 0 0 0 0 2 0]
 [0 0 0 0 1 2 0]
 [0 1 0 0 1 1 0]]

[2024-04-18 00:21:46,048][worker.evaluate][INFO] - Game  49: Win_rate=46.94%
[[0 0 0 0 0 0 0]
 [0 0 0 0 0 1 0]
 [0 0 2 0 0 1 0]
 [0 0 1 0 0 1 0]
 [0 0 2 0 0 1 2]
 [2 2 1 2 1 2 1]]

[2024-04-18 00:21:47,973][worker.evaluate][INFO] - Game  50: Win_rate=46.00%
[[0 0 2 0 0 2 0]
 [0 0 2 0 0 2 0]
 [0 1 1 0 0 1 0]
 [1 2 1 0 0 2 0]
 [1 2 1 1 2 2 1]
 [2 1 2 2 1 1 1]]

[2024-04-18 00:21:49,969][worker.evaluate][INFO] - Game  51: Win_rate=45.10%
[[1 0 2 0 0 1 0]
 [1 0 1 0 0 1 0]
 [2 0 2 0 2 1 0]
 [1 2 1 0 2 2 0]
 [2 1 2 0 2 2 0]
 [1 1 1 0 2 1 2]]

[2024-04-18 00:21:51,407][worker.evaluate][INFO] - Game  52: Win_rate=44.23%
[[0 0 0 0 0 2 0]
 [0 0 0 0 0 2 0]
 [0 0 0 0 0 1 1]
 [0 2 0 0 0 2 1]
 [0 2 2 1 0 2 1]
 [1 1 2 1 1 2 1]]

[2024-04-18 00:21:52,237][worker.evaluate][INFO] - Game  53: Win_rate=45.28%
[[0 0 0 0 0 0 0]
 [0 0 0 0 0 0 0]
 [0 0 0 0 0 1 0]
 [0 0 0 0 0 1 0]
 [2 2 1 0 0 1 0]
 [2 2 1 0 2 1 0]]

[2024-04-18 00:21:53,001][worker.evaluate][INFO] - Game  54: Win_rate=46.30%
[[0 0 0 0 0 0 0]
 [0 0 0 0 0 0 0]
 [0 0 0 0 0 2 0]
 [0 0 0 0 0 2 0]
 [0 0 1 1 0 2 0]
 [0 1 2 1 1 2 0]]

[2024-04-18 00:21:53,877][worker.evaluate][INFO] - Game  55: Win_rate=47.27%
[[0 0 0 0 0 0 0]
 [0 0 0 0 0 0 0]
 [0 0 0 0 0 0 0]
 [0 0 0 0 0 2 0]
 [2 0 1 0 0 1 2]
 [2 0 1 1 1 1 2]]

[2024-04-18 00:21:55,219][worker.evaluate][INFO] - Game  56: Win_rate=46.43%
[[0 0 0 0 0 0 0]
 [0 0 0 0 0 0 0]
 [0 0 0 1 0 2 0]
 [0 0 2 2 1 2 0]
 [0 0 2 1 1 1 0]
 [1 2 1 1 2 2 1]]

[2024-04-18 00:21:57,879][worker.evaluate][INFO] - Game  57: Win_rate=45.61%
[[2 0 1 0 1 1 0]
 [1 0 2 0 2 1 0]
 [1 1 2 2 2 1 1]
 [1 1 2 2 1 2 2]
 [2 2 1 2 2 1 2]
 [1 1 2 2 2 1 1]]

[2024-04-18 00:21:59,657][worker.evaluate][INFO] - Game  58: Win_rate=44.83%
[[0 0 2 0 0 1 0]
 [0 1 2 0 0 2 0]
 [0 1 1 0 0 1 0]
 [1 1 1 0 2 2 0]
 [2 1 2 0 2 2 0]
 [1 2 1 0 1 2 0]]

[2024-04-18 00:22:01,774][worker.evaluate][INFO] - Game  59: Win_rate=44.07%
[[0 2 0 0 0 1 0]
 [0 2 0 0 1 1 0]
 [0 1 2 0 1 1 0]
 [0 2 2 2 2 2 0]
 [1 1 1 2 1 1 1]
 [2 2 1 2 1 2 2]]

[2024-04-18 00:22:03,562][worker.evaluate][INFO] - Game  60: Win_rate=43.33%
[[0 0 0 0 0 1 0]
 [0 0 2 0 0 2 0]
 [0 2 2 1 0 2 0]
 [0 1 2 1 0 1 0]
 [0 2 1 1 0 2 1]
 [0 1 2 1 0 2 1]]

[2024-04-18 00:22:05,558][worker.evaluate][INFO] - Game  61: Win_rate=42.62%
[[0 0 2 2 0 1 0]
 [0 0 1 1 0 1 0]
 [0 0 1 1 0 2 0]
 [0 0 2 2 2 1 0]
 [1 0 1 2 2 2 1]
 [1 2 2 1 1 2 2]]

[2024-04-18 00:22:07,251][worker.evaluate][INFO] - Game  62: Win_rate=43.55%
[[0 0 2 0 0 2 0]
 [0 0 2 0 0 2 1]
 [0 0 2 0 0 1 1]
 [0 2 2 0 0 2 1]
 [0 1 1 0 0 1 2]
 [0 2 1 1 1 2 1]]

[2024-04-18 00:22:08,404][worker.evaluate][INFO] - Game  63: Win_rate=44.44%
[[0 0 0 0 0 0 0]
 [0 0 0 0 0 0 0]
 [2 0 0 0 0 0 0]
 [2 0 2 0 0 1 0]
 [1 0 1 1 1 1 0]
 [2 2 1 2 2 1 0]]

[2024-04-18 00:22:09,769][worker.evaluate][INFO] - Game  64: Win_rate=45.31%
[[0 0 0 0 0 2 0]
 [0 0 0 0 0 2 0]
 [0 0 0 0 0 2 0]
 [0 1 0 0 0 2 0]
 [2 1 1 2 1 1 0]
 [2 1 1 1 2 2 1]]

[2024-04-18 00:22:10,933][worker.evaluate][INFO] - Game  65: Win_rate=46.15%
[[0 0 0 0 0 0 0]
 [0 0 0 0 0 2 0]
 [0 0 1 0 0 2 0]
 [0 0 1 0 0 1 0]
 [0 0 1 1 0 2 0]
 [2 1 1 2 2 2 1]]

[2024-04-18 00:22:12,414][worker.evaluate][INFO] - Game  66: Win_rate=45.45%
[[0 0 0 0 0 2 0]
 [0 0 0 0 0 2 0]
 [0 0 0 0 0 1 1]
 [0 1 2 0 0 2 1]
 [0 1 2 2 0 2 1]
 [0 2 1 1 1 2 1]]

[2024-04-18 00:22:13,947][worker.evaluate][INFO] - Game  67: Win_rate=44.78%
[[0 0 0 0 0 1 0]
 [0 0 2 0 0 1 0]
 [0 0 2 0 0 1 0]
 [0 0 1 0 2 2 0]
 [0 0 1 2 2 2 2]
 [1 2 1 1 1 2 1]]

[2024-04-18 00:22:14,566][worker.evaluate][INFO] - Game  68: Win_rate=45.59%
[[0 0 0 0 0 0 0]
 [0 0 0 0 0 2 0]
 [0 0 0 0 0 2 0]
 [0 0 0 0 0 2 0]
 [0 0 1 0 0 2 0]
 [0 0 1 0 0 1 1]]

[2024-04-18 00:22:16,329][worker.evaluate][INFO] - Game  69: Win_rate=44.93%
[[0 0 1 0 0 1 0]
 [0 0 2 0 0 1 0]
 [0 0 1 0 0 2 0]
 [0 0 2 2 0 1 0]
 [0 1 1 2 2 2 2]
 [1 2 1 1 2 2 1]]

[2024-04-18 00:22:18,285][worker.evaluate][INFO] - Game  70: Win_rate=44.29%
[[0 0 2 0 0 2 0]
 [0 0 1 2 0 2 0]
 [0 1 1 2 0 1 0]
 [0 1 1 2 0 2 0]
 [0 1 2 1 0 2 1]
 [2 1 1 2 1 2 1]]

[2024-04-18 00:22:20,054][worker.evaluate][INFO] - Game  71: Win_rate=45.07%
[[0 0 0 0 0 1 0]
 [0 0 0 0 2 1 0]
 [2 0 1 0 2 1 0]
 [2 0 1 0 1 2 0]
 [1 0 1 0 2 1 0]
 [2 0 1 2 2 1 2]]

[2024-04-18 00:22:21,278][worker.evaluate][INFO] - Game  72: Win_rate=45.83%
[[0 0 1 0 0 2 0]
 [0 0 2 0 0 2 0]
 [0 0 1 0 0 2 0]
 [0 0 1 0 0 2 0]
 [0 0 2 0 1 1 0]
 [2 0 1 1 1 2 0]]

[2024-04-18 00:22:23,464][worker.evaluate][INFO] - Game  73: Win_rate=46.58%
[[0 0 2 0 0 1 0]
 [0 2 2 0 1 1 0]
 [0 1 2 0 1 1 0]
 [0 1 1 0 1 2 2]
 [2 2 1 2 1 1 2]
 [1 2 1 2 2 1 2]]

[2024-04-18 00:22:24,456][worker.evaluate][INFO] - Game  74: Win_rate=45.95%
[[0 0 0 0 0 0 0]
 [0 0 0 0 0 1 0]
 [0 0 0 0 0 2 0]
 [0 0 0 0 2 2 0]
 [1 0 0 0 1 2 0]
 [2 0 2 1 1 1 1]]

[2024-04-18 00:22:26,009][worker.evaluate][INFO] - Game  75: Win_rate=45.33%
[[0 0 2 0 0 0 0]
 [0 0 1 0 0 1 0]
 [0 0 2 0 0 1 0]
 [0 0 2 2 2 2 0]
 [1 0 1 2 1 1 0]
 [1 2 2 2 1 1 0]]

[2024-04-18 00:22:26,839][worker.evaluate][INFO] - Game  76: Win_rate=44.74%
[[0 0 0 0 0 0 0]
 [0 0 0 0 0 1 0]
 [0 0 0 0 0 2 0]
 [0 0 0 0 0 2 0]
 [0 0 0 0 0 2 1]
 [2 0 2 1 1 1 1]]

[2024-04-18 00:22:27,515][worker.evaluate][INFO] - Game  77: Win_rate=45.45%
[[0 0 0 0 0 0 0]
 [0 0 0 0 0 0 0]
 [0 0 0 0 0 1 0]
 [0 0 0 0 0 1 0]
 [0 0 0 0 0 1 2]
 [2 1 0 2 0 1 2]]

[2024-04-18 00:22:28,503][worker.evaluate][INFO] - Game  78: Win_rate=44.87%
[[0 0 0 0 0 0 0]
 [0 0 0 0 0 0 0]
 [0 0 0 1 0 2 0]
 [0 0 2 1 0 1 0]
 [0 0 2 1 0 1 0]
 [1 0 2 1 0 2 2]]

[2024-04-18 00:22:29,474][worker.evaluate][INFO] - Game  79: Win_rate=45.57%
[[0 0 0 0 0 0 0]
 [0 0 0 0 0 0 0]
 [0 0 1 0 0 0 0]
 [0 0 1 0 0 1 0]
 [0 0 1 2 0 1 0]
 [2 2 1 2 2 1 2]]

[2024-04-18 00:22:30,025][worker.evaluate][INFO] - Game  80: Win_rate=45.00%
[[0 0 0 0 0 0 0]
 [0 0 0 0 0 0 0]
 [0 0 0 0 0 0 0]
 [0 0 0 0 0 2 0]
 [0 0 0 0 0 2 0]
 [1 1 1 1 0 2 0]]

[2024-04-18 00:22:31,194][worker.evaluate][INFO] - Game  81: Win_rate=45.68%
[[0 0 0 0 0 1 0]
 [0 0 0 0 0 2 0]
 [0 0 1 0 0 1 0]
 [0 0 1 0 0 2 0]
 [0 0 1 2 2 1 0]
 [0 2 1 1 2 2 0]]

[2024-04-18 00:22:32,760][worker.evaluate][INFO] - Game  82: Win_rate=46.34%
[[0 0 0 0 0 1 0]
 [0 0 0 0 0 2 0]
 [0 2 0 0 0 2 0]
 [0 2 1 0 0 2 0]
 [1 2 2 1 1 1 0]
 [1 2 1 2 1 2 1]]

[2024-04-18 00:22:33,755][worker.evaluate][INFO] - Game  83: Win_rate=46.99%
[[0 0 0 0 0 0 0]
 [0 0 0 0 0 0 0]
 [0 0 1 0 0 0 0]
 [1 0 1 0 0 2 0]
 [2 0 1 0 2 2 0]
 [2 2 1 0 1 1 0]]

[2024-04-18 00:22:34,765][worker.evaluate][INFO] - Game  84: Win_rate=46.43%
[[0 0 0 0 0 2 0]
 [0 0 0 0 0 2 0]
 [0 0 0 0 0 2 0]
 [0 0 2 0 0 1 0]
 [0 0 1 0 0 2 0]
 [1 0 2 1 1 1 1]]

[2024-04-18 00:22:36,275][worker.evaluate][INFO] - Game  85: Win_rate=45.88%
[[0 0 0 0 0 0 0]
 [0 0 0 0 0 1 0]
 [0 0 0 2 1 1 0]
 [0 2 1 2 1 2 0]
 [0 2 1 2 2 2 0]
 [0 1 1 2 1 1 2]]

[2024-04-18 00:22:38,092][worker.evaluate][INFO] - Game  86: Win_rate=46.51%
[[0 0 2 0 0 1 0]
 [2 0 1 0 0 2 0]
 [2 0 1 0 0 2 0]
 [2 1 2 0 0 2 0]
 [2 1 1 0 2 1 1]
 [1 1 2 0 2 1 1]]

[2024-04-18 00:22:40,204][worker.evaluate][INFO] - Game  87: Win_rate=45.98%
[[0 0 2 2 0 2 0]
 [0 0 2 1 0 1 0]
 [1 0 1 2 0 2 0]
 [2 2 2 2 0 1 0]
 [1 1 2 1 1 1 0]
 [1 2 1 1 2 1 2]]

[2024-04-18 00:22:41,490][worker.evaluate][INFO] - Game  88: Win_rate=46.59%
[[0 0 0 0 0 0 0]
 [0 0 0 0 0 2 0]
 [0 0 0 0 0 2 0]
 [0 0 1 2 0 2 1]
 [1 0 2 1 0 2 1]
 [1 1 2 2 2 1 1]]

[2024-04-18 00:22:43,368][worker.evaluate][INFO] - Game  89: Win_rate=47.19%
[[0 0 2 0 1 2 0]
 [0 0 2 0 1 2 0]
 [1 0 1 0 1 2 0]
 [1 0 2 0 1 1 0]
 [1 0 1 2 2 1 0]
 [2 2 1 2 2 1 0]]

[2024-04-18 00:22:44,102][worker.evaluate][INFO] - Game  90: Win_rate=47.78%
[[0 0 0 0 0 0 0]
 [0 0 0 0 0 0 0]
 [0 0 0 0 0 2 0]
 [0 0 0 0 0 2 0]
 [0 0 1 2 1 2 0]
 [0 0 1 1 1 2 0]]

[2024-04-18 00:22:46,276][worker.evaluate][INFO] - Game  91: Win_rate=47.25%
[[0 0 1 0 0 1 0]
 [0 2 1 0 0 1 0]
 [1 2 2 0 1 2 0]
 [2 2 1 0 2 1 0]
 [1 2 2 2 1 2 0]
 [1 1 1 2 2 1 2]]

[2024-04-18 00:22:47,851][worker.evaluate][INFO] - Game  92: Win_rate=47.83%
[[0 0 0 0 0 1 0]
 [0 0 0 0 0 2 0]
 [1 0 2 0 0 2 0]
 [1 1 2 0 0 2 0]
 [2 1 2 0 1 1 0]
 [1 2 2 0 1 1 2]]

[2024-04-18 00:22:48,763][worker.evaluate][INFO] - Game  93: Win_rate=47.31%
[[0 0 0 0 0 0 0]
 [0 0 0 0 0 0 0]
 [0 0 0 0 1 0 0]
 [0 0 0 0 1 0 0]
 [0 0 0 2 2 2 2]
 [1 0 1 2 1 1 2]]

[2024-04-18 00:22:50,255][worker.evaluate][INFO] - Game  94: Win_rate=46.81%
[[0 0 0 0 0 0 0]
 [0 0 0 0 0 0 0]
 [0 0 2 1 0 2 0]
 [2 0 1 1 2 2 0]
 [1 0 2 1 2 1 0]
 [1 1 2 1 1 2 0]]

[2024-04-18 00:22:52,218][worker.evaluate][INFO] - Game  95: Win_rate=46.32%
[[0 0 0 0 0 1 0]
 [0 0 0 2 0 2 0]
 [1 0 1 2 1 1 0]
 [2 0 1 2 1 2 0]
 [2 0 1 2 2 1 2]
 [1 1 2 1 2 1 2]]

[2024-04-18 00:22:54,580][worker.evaluate][INFO] - Game  96: Win_rate=46.88%
[[0 0 1 0 0 2 0]
 [0 2 1 0 0 1 0]
 [1 2 2 1 0 2 0]
 [2 2 1 1 0 2 1]
 [2 2 1 2 2 2 1]
 [1 1 2 1 2 1 1]]

[2024-04-18 00:22:55,935][worker.evaluate][INFO] - Game  97: Win_rate=46.39%
[[0 0 0 0 0 0 0]
 [0 0 0 0 0 1 0]
 [0 0 0 0 2 1 0]
 [2 0 1 0 2 2 0]
 [1 0 1 0 2 2 0]
 [2 2 1 1 2 1 1]]

[2024-04-18 00:22:57,337][worker.evaluate][INFO] - Game  98: Win_rate=45.92%
[[0 0 0 0 0 2 0]
 [0 0 0 0 1 2 0]
 [0 0 0 0 1 1 0]
 [0 0 0 0 2 2 0]
 [2 1 1 1 1 2 0]
 [1 2 2 1 1 2 0]]

[2024-04-18 00:22:58,100][worker.evaluate][INFO] - Game  99: Win_rate=45.45%
[[0 0 0 0 0 0 0]
 [0 0 0 0 0 0 0]
 [0 0 0 0 0 0 0]
 [0 0 1 0 0 0 0]
 [1 0 1 0 0 2 0]
 [1 0 1 2 2 2 2]]

[2024-04-18 00:22:59,565][worker.evaluate][INFO] - Game 100: Win_rate=45.00%
[[0 0 2 0 0 2 0]
 [0 0 2 0 0 2 0]
 [0 0 2 0 0 1 0]
 [0 0 1 0 0 2 0]
 [0 2 1 0 1 2 0]
 [1 1 2 1 1 1 1]]

[2024-04-18 00:22:59,800][worker.evaluate][INFO] - Winning rate 45.00%
