[2024-04-27 13:29:59,144][__main__][INFO] - name: mcts_phase1
project: MCTS_Connect4
entity: filipinogambino
group: post_obs_bug_fix
weights_only: false
model_arch: conv_model
unexplored_action: 1.0e-05
enable_wandb: true
log_freq: 10
worker_type: optimize
seed: 42
learner_device: cpu
actor_device: cpu
batch_size: 1024
noise_eps: 0.25
c_puct: 1.5
dirichlet_alpha: 0.3
temperature_tau: 0.0
n_blocks: 12
hidden_dim: 128
embedding_dim: 16
kernel_size: 3
normalize: false
rescale_value_input: false
rescale_se_input: false
obs_space_kwargs: {}
reward_space_kwargs: {}
act_space: BasicActionSpace
obs_space: HistoricalObs
reward_space: GameResultReward
optimizer_class: Adam
optimizer_kwargs:
  lr: 0.001
  eps: 0.0003
  weight_decay: 0.001
min_lr_mod: 0.002
search_threads: 10
max_processes: 1
simulation_num_per_move: 200
max_games_per_file: 10
self_play_games: 800
model_dir: models
current_model_weight_fname: null
nextgen_model_weight_fname: mcts_phase1.pt
best_model_weight_fname: _best_model.pt
replace_rate: 0.55
eval_games: 100
play_data_dir: play_data\raw
play_data_filename_tmpl: play_%s.pkl
log_dir: logs
main_log_path: main.log
max_epochs: 50
use_mixed_precision: true
discounting: 0.999
reduction: mean
clip_grads: 10.0
checkpoint_freq: 10.0
num_learner_threads: 1
load_dir: null
n_value_warmup_batches: 0
debug: false

[2024-04-27 13:30:07,367][__main__][INFO] - Running: optimize
[2024-04-27 13:30:07,532][numexpr.utils][INFO] - NumExpr defaulting to 4 threads.
[2024-04-27 13:30:12,649][worker.optimize][INFO] - gamestate_df1.pkl loaded
[2024-04-27 13:30:17,406][worker.optimize][INFO] - gamestate_df2.pkl loaded
[2024-04-27 13:30:17,407][worker.optimize][INFO] - Training on 4,540 datapoints for 50 epochs and batch size of 1024
[2024-04-27 13:30:17,463][worker.optimize][INFO] - Training model with 3,689,384 parameters
[2024-04-27 13:54:02,297][agent.c4_model][INFO] - Saving checkpoint to models\mcts_phase1.pt
