[2024-05-03 10:22:38,710][__main__][INFO] - name: mcts_phase4
project: MCTS_Connect4
entity: filipinogambino
group: post_obs_bug_fix
weights_only: false
model_arch: conv_model
unexplored_action: 1.0e-05
enable_wandb: true
log_freq: 10
worker_type: optimize
seed: 42
learner_device: cpu
actor_device: cpu
batch_size: 1024
noise_eps: 0.25
c_puct: 0.5
dirichlet_alpha: 0.3
temperature_tau: 0.9
n_blocks: 12
hidden_dim: 128
embedding_dim: 16
kernel_size: 3
normalize: false
rescale_value_input: false
rescale_se_input: false
obs_space_kwargs: {}
reward_space_kwargs: {}
act_space: BasicActionSpace
obs_space: HistoricalObs
reward_space: GameResultReward
optimizer_class: Adam
optimizer_kwargs:
  lr: 3.0e-05
  eps: 0.0003
min_lr_mod: 0.002
search_threads: 10
max_processes: 1
simulation_num_per_move: 150
max_games_per_file: 100
self_play_games: 400
model_dir: models
current_model_weight_fname: mcts_phase3.pt
nextgen_model_weight_fname: mcts_phase4.pt
best_model_weight_fname: _best_model.pt
replace_rate: 0.55
eval_games: 100
play_data_dir: play_data/raw
play_data_filename_tmpl: play_%s.pkl
log_dir: logs
main_log_path: main.log
max_epochs: 50
use_mixed_precision: true
discounting: 0.999
reduction: mean
clip_grads: 10.0
checkpoint_freq: 10.0
num_learner_threads: 1
load_dir: null
n_value_warmup_batches: 0
debug: false

[2024-05-03 10:22:39,453][__main__][INFO] - Running: optimize
[2024-05-03 10:22:49,692][worker.optimize][INFO] - gamestate_df1.pkl loaded
[2024-05-03 10:22:56,806][worker.optimize][INFO] - gamestate_df2.pkl loaded
[2024-05-03 10:23:04,266][worker.optimize][INFO] - gamestate_df3.pkl loaded
[2024-05-03 10:23:12,751][worker.optimize][INFO] - gamestate_df4.pkl loaded
[2024-05-03 10:23:12,752][worker.optimize][INFO] - Training on 38,139 datapoints for 50 epochs and batch size of 1024
[2024-05-03 10:23:12,963][worker.optimize][INFO] - Training model with 3,689,384 parameters
[2024-05-03 14:23:10,019][agent.c4_model][INFO] - Saving checkpoint to models\mcts_phase4.pt
