[2024-04-26 15:51:21,833][__main__][INFO] - name: mcts_phase3
project: MCTS_Connect4
entity: filipinogambino
group: initial_testing
weights_only: false
model_arch: conv_model
unexplored_action: 1.0e-05
enable_wandb: true
log_freq: 10
worker_type: optimize
seed: 42
learner_device: cpu
actor_device: cpu
batch_size: 1024
noise_eps: 0.25
c_puct: 1.5
dirichlet_alpha: 0.3
temperature_tau: 0.99
n_blocks: 8
hidden_dim: 128
embedding_dim: 32
kernel_size: 3
normalize: false
rescale_value_input: false
rescale_se_input: false
obs_space_kwargs: {}
reward_space_kwargs: {}
act_space: BasicActionSpace
obs_space: HistoricalObs
reward_space: GameResultReward
optimizer_class: Adam
optimizer_kwargs:
  lr: 5.0e-05
  eps: 0.0003
min_lr_mod: 0.002
search_threads: 10
max_processes: 1
simulation_num_per_move: 100
max_games_per_file: 100
self_play_games: 800
model_dir: models
current_model_weight_fname: mcts_phase2.pt
nextgen_model_weight_fname: mcts_phase3.pt
best_model_weight_fname: _best_model.pt
replace_rate: 0.55
eval_games: 100
play_data_dir: play_data/raw
play_data_filename_tmpl: play_%s.pkl
log_dir: logs
main_log_path: main.log
max_epochs: 50
use_mixed_precision: true
discounting: 0.999
reduction: mean
clip_grads: 10.0
checkpoint_freq: 10.0
num_learner_threads: 1
load_dir: null
n_value_warmup_batches: 0
debug: false

[2024-04-26 15:51:22,570][__main__][INFO] - Running: optimize
[2024-04-26 15:51:28,335][worker.optimize][INFO] - gamestate_df1.pkl loaded
[2024-04-26 15:51:38,330][worker.optimize][INFO] - gamestate_df2.pkl loaded
[2024-04-26 15:51:45,158][worker.optimize][INFO] - gamestate_df3.pkl loaded
[2024-04-26 15:51:52,435][worker.optimize][INFO] - gamestate_df4.pkl loaded
[2024-04-26 15:51:59,095][worker.optimize][INFO] - gamestate_df5.pkl loaded
[2024-04-26 15:52:05,999][worker.optimize][INFO] - gamestate_df6.pkl loaded
[2024-04-26 15:52:06,000][worker.optimize][INFO] - Training on 9,202 datapoints for 50 and batch size of 1024
[2024-04-26 15:52:06,155][worker.optimize][INFO] - Training model with 2,519,240 parameters
[2024-04-26 16:29:52,067][agent.c4_model][INFO] - Saving checkpoint to models\mcts_phase3.pt
