[2024-04-19 01:34:23,458][__main__][INFO] - name: mcts_phase1
project: MCTS_Connect4
entity: filipinogambino
group: initial_testing
weights_only: false
model_arch: conv_model
unexplored_action: 1.0e-05
enable_wandb: true
log_freq: 10
worker_type: evaluate
seed: 42
learner_device: cuda
actor_device: cpu
batch_size: 1024
noise_eps: 0.25
c_puct: 1.5
dirichlet_alpha: 0.3
tau_decay_rate: 0.99
n_blocks: 8
hidden_dim: 128
embedding_dim: 32
kernel_size: 3
normalize: false
rescale_value_input: false
rescale_se_input: false
obs_space_kwargs: {}
reward_space_kwargs: {}
act_space: BasicActionSpace
obs_space: HistoricalObs
reward_space: GameResultReward
optimizer_class: Adam
optimizer_kwargs:
  lr: 0.001
  eps: 0.0003
min_lr_mod: 0.002
search_threads: 10
max_processes: 1
simulation_num_per_move: 100
max_games_per_file: 100
self_play_games: 800
model_dir: models
current_model_weight_fname: null
nextgen_model_weight_fname: mcts_phase1.pt
best_model_weight_fname: _best_model.pt
replace_rate: 0.55
eval_games: 200
play_data_dir: play_data/raw
play_data_filename_tmpl: play_%s.pkl
log_dir: logs
main_log_path: main.log
max_epochs: 20
use_mixed_precision: true
discounting: 0.999
reduction: mean
clip_grads: 10.0
checkpoint_freq: 10.0
num_learner_threads: 1
load_dir: null
n_value_warmup_batches: 0
debug: false

[2024-04-19 01:34:29,802][__main__][INFO] - Running: evaluate
[2024-04-19 01:34:34,532][agent.c4_api][INFO] - Model loaded onto cpu device
[2024-04-19 01:34:34,536][agent.c4_api][INFO] - Model loaded onto cpu device
[2024-04-19 01:34:34,540][worker.evaluate][INFO] - Starting evaluation of the nextgen model
[2024-04-19 01:34:56,637][worker.evaluate][INFO] - Game   1: Win_rate=100.00%
[[0 0 0 0 0 0 0]
 [0 0 1 1 0 0 0]
 [0 0 2 1 0 0 0]
 [0 0 2 1 0 0 0]
 [1 0 2 1 2 2 2]
 [2 2 1 2 1 1 1]]

[2024-04-19 01:35:08,589][worker.evaluate][INFO] - Game   2: Win_rate=50.00%
[[0 0 0 2 0 0 0]
 [0 0 1 2 0 0 0]
 [0 0 1 2 0 0 0]
 [0 0 1 1 0 0 0]
 [0 0 1 2 0 0 0]
 [0 1 2 1 0 2 0]]

[2024-04-19 01:35:31,602][worker.evaluate][INFO] - Game   3: Win_rate=66.67%
[[0 0 0 0 0 2 0]
 [0 0 2 0 0 1 0]
 [0 0 1 1 1 1 2]
 [0 0 2 2 1 2 1]
 [0 0 1 2 2 1 1]
 [0 0 2 1 1 2 2]]

[2024-04-19 01:35:54,455][worker.evaluate][INFO] - Game   4: Win_rate=75.00%
[[0 0 2 2 0 0 0]
 [0 0 1 2 0 0 0]
 [0 0 1 1 0 0 0]
 [0 0 1 2 0 2 0]
 [0 1 2 2 2 2 1]
 [2 1 1 2 1 1 1]]

